Performing C SOURCE FILE Test CMAKE_HAVE_LIBC_PTHREAD failed with the following output:
Change Dir: /home/kirill2000/lab8/cmake-build-debug/CMakeFiles/CMakeTmp

Run Build Command(s):/usr/bin/make cmTC_abeeb/fast && /usr/bin/make -f CMakeFiles/cmTC_abeeb.dir/build.make CMakeFiles/cmTC_abeeb.dir/build
make[1]: Entering directory '/home/kirill2000/lab8/cmake-build-debug/CMakeFiles/CMakeTmp'
Building C object CMakeFiles/cmTC_abeeb.dir/src.c.o
/usr/bin/gcc   -DCMAKE_HAVE_LIBC_PTHREAD   -o CMakeFiles/cmTC_abeeb.dir/src.c.o   -c /home/kirill2000/lab8/cmake-build-debug/CMakeFiles/CMakeTmp/src.c
Linking C executable cmTC_abeeb
/home/kirill2000/clion-2020.1/bin/cmake/linux/bin/cmake -E cmake_link_script CMakeFiles/cmTC_abeeb.dir/link.txt --verbose=1
/usr/bin/gcc  -DCMAKE_HAVE_LIBC_PTHREAD    CMakeFiles/cmTC_abeeb.dir/src.c.o  -o cmTC_abeeb 
CMakeFiles/cmTC_abeeb.dir/src.c.o: In function `main':
src.c:(.text+0x3e): undefined reference to `pthread_create'
src.c:(.text+0x4a): undefined reference to `pthread_detach'
src.c:(.text+0x5b): undefined reference to `pthread_join'
src.c:(.text+0x6f): undefined reference to `pthread_atfork'
collect2: error: ld returned 1 exit status
CMakeFiles/cmTC_abeeb.dir/build.make:86: recipe for target 'cmTC_abeeb' failed
make[1]: *** [cmTC_abeeb] Error 1
make[1]: Leaving directory '/home/kirill2000/lab8/cmake-build-debug/CMakeFiles/CMakeTmp'
Makefile:121: recipe for target 'cmTC_abeeb/fast' failed
make: *** [cmTC_abeeb/fast] Error 2


Source file was:
#include <pthread.h>

void* test_func(void* data)
{
  return data;
}

int main(void)
{
  pthread_t thread;
  pthread_create(&thread, NULL, test_func, NULL);
  pthread_detach(thread);
  pthread_join(thread, NULL);
  pthread_atfork(NULL, NULL, NULL);
  pthread_exit(NULL);

  return 0;
}

Determining if the function pthread_create exists in the pthreads failed with the following output:
Change Dir: /home/kirill2000/lab8/cmake-build-debug/CMakeFiles/CMakeTmp

Run Build Command(s):/usr/bin/make cmTC_afaa8/fast && /usr/bin/make -f CMakeFiles/cmTC_afaa8.dir/build.make CMakeFiles/cmTC_afaa8.dir/build
make[1]: Entering directory '/home/kirill2000/lab8/cmake-build-debug/CMakeFiles/CMakeTmp'
Building C object CMakeFiles/cmTC_afaa8.dir/CheckFunctionExists.c.o
/usr/bin/gcc   -DCHECK_FUNCTION_EXISTS=pthread_create   -o CMakeFiles/cmTC_afaa8.dir/CheckFunctionExists.c.o   -c /home/kirill2000/clion-2020.1/bin/cmake/linux/share/cmake-3.16/Modules/CheckFunctionExists.c
Linking C executable cmTC_afaa8
/home/kirill2000/clion-2020.1/bin/cmake/linux/bin/cmake -E cmake_link_script CMakeFiles/cmTC_afaa8.dir/link.txt --verbose=1
/usr/bin/gcc  -DCHECK_FUNCTION_EXISTS=pthread_create    CMakeFiles/cmTC_afaa8.dir/CheckFunctionExists.c.o  -o cmTC_afaa8  -lpthreads 
/usr/bin/ld: cannot find -lpthreads
collect2: error: ld returned 1 exit status
CMakeFiles/cmTC_afaa8.dir/build.make:86: recipe for target 'cmTC_afaa8' failed
make[1]: *** [cmTC_afaa8] Error 1
make[1]: Leaving directory '/home/kirill2000/lab8/cmake-build-debug/CMakeFiles/CMakeTmp'
Makefile:121: recipe for target 'cmTC_afaa8/fast' failed
make: *** [cmTC_afaa8/fast] Error 2



